<?xml version="1.0" encoding="UTF-8"?>
<testng-results skipped="0" failed="0" ignored="0" total="3" passed="3">
  <reporter-output>
  </reporter-output>
  <suite name="Default suite" duration-ms="79" started-at="2019-12-05T23:10:24Z" finished-at="2019-12-05T23:10:24Z">
    <groups>
    </groups>
    <test name="Default test" duration-ms="79" started-at="2019-12-05T23:10:24Z" finished-at="2019-12-05T23:10:24Z">
      <class name="coding.Assignment1.ReverseStringWTest">
        <test-method status="PASS" signature="inValidString()[pri:0, instance:coding.Assignment1.ReverseStringWTest@2b98378d]" name="inValidString" duration-ms="28" started-at="2019-12-05T23:10:24Z" finished-at="2019-12-05T23:10:24Z">
          <reporter-output>
          </reporter-output>
        </test-method> <!-- inValidString -->
        <test-method status="PASS" signature="nullString()[pri:0, instance:coding.Assignment1.ReverseStringWTest@2b98378d]" name="nullString" duration-ms="4" started-at="2019-12-05T23:10:24Z" finished-at="2019-12-05T23:10:24Z">
          <reporter-output>
          </reporter-output>
        </test-method> <!-- nullString -->
        <test-method status="PASS" signature="validString()[pri:0, instance:coding.Assignment1.ReverseStringWTest@2b98378d]" name="validString" duration-ms="3" started-at="2019-12-05T23:10:24Z" finished-at="2019-12-05T23:10:24Z">
          <reporter-output>
          </reporter-output>
        </test-method> <!-- validString -->
      </class> <!-- coding.Assignment1.ReverseStringWTest -->
    </test> <!-- Default test -->
  </suite> <!-- Default suite -->
</testng-results>
