<?xml version="1.0" encoding="UTF-8"?>
<!-- Generated by org.testng.reporters.JUnitXMLReporter -->
<testsuite hostname="Mac-mini" ignored="0" name="Default test" tests="3" failures="0" timestamp="05 Dec 2019 23:10:24 GMT" time="0.079" errors="0">
  <testcase name="inValidString" time="0.028" classname="coding.Assignment1.ReverseStringWTest"/>
  <testcase name="nullString" time="0.004" classname="coding.Assignment1.ReverseStringWTest"/>
  <testcase name="validString" time="0.003" classname="coding.Assignment1.ReverseStringWTest"/>
</testsuite> <!-- Default test -->
